15:54:19 [[32m[32minfo[32m[39m]: Banco de dados SQLite inicializado: /Users/user/Black Hand/01.gitHub/workcodeforge_v1/auth-service/data/auth.db {
  "service": "auth-service"
}
15:54:19 [[32m[32minfo[32m[39m]: Banco de dados SQLite inicializado: /Users/user/Black Hand/01.gitHub/workcodeforge_v1/auth-service/data/auth.db {
  "service": "auth-service"
}
15:54:19 [[31m[31merror[31m[39m]: Exceção não capturada: listen EADDRINUSE: address already in use :::3000 {
  "service": "auth-service",
  "code": "EADDRINUSE",
  "errno": -48,
  "syscall": "listen",
  "address": "::",
  "port": 3000,
  "stack": "Error: listen EADDRINUSE: address already in use :::3000\n    at Server.setupListenHandle [as _listen2] (node:net:1940:16)\n    at listenInCluster (node:net:1997:12)\n    at Server.listen (node:net:2102:7)\n    at Function.listen (/Users/user/Black Hand/01.gitHub/workcodeforge_v1/auth-service/node_modules/express/lib/application.js:635:24)\n    at startServer (/Users/user/Black Hand/01.gitHub/workcodeforge_v1/auth-service/dist/app.js:108:13)\n    at Object.<anonymous> (/Users/user/Black Hand/01.gitHub/workcodeforge_v1/auth-service/dist/app.js:149:5)\n    at Module._compile (node:internal/modules/cjs/loader:1706:14)\n    at Object..js (node:internal/modules/cjs/loader:1839:10)\n    at Module.load (node:internal/modules/cjs/loader:1441:32)\n    at Function._load (node:internal/modules/cjs/loader:1263:12)"
}
15:54:19 [[31m[31merror[31m[39m]: Exceção não capturada: listen EADDRINUSE: address already in use :::3000 {
  "service": "auth-service",
  "code": "EADDRINUSE",
  "errno": -48,
  "syscall": "listen",
  "address": "::",
  "port": 3000,
  "stack": "Error: listen EADDRINUSE: address already in use :::3000\n    at Server.setupListenHandle [as _listen2] (node:net:1940:16)\n    at listenInCluster (node:net:1997:12)\n    at Server.listen (node:net:2102:7)\n    at Function.listen (/Users/user/Black Hand/01.gitHub/workcodeforge_v1/auth-service/node_modules/express/lib/application.js:635:24)\n    at startServer (/Users/user/Black Hand/01.gitHub/workcodeforge_v1/auth-service/dist/app.js:108:13)\n    at Object.<anonymous> (/Users/user/Black Hand/01.gitHub/workcodeforge_v1/auth-service/dist/app.js:149:5)\n    at Module._compile (node:internal/modules/cjs/loader:1706:14)\n    at Object..js (node:internal/modules/cjs/loader:1839:10)\n    at Module.load (node:internal/modules/cjs/loader:1441:32)\n    at Function._load (node:internal/modules/cjs/loader:1263:12)"
}
