13:00:28 [[31merror[39m]: unhandledRejection: Falha ao buscar usuário
Error: Falha ao buscar usuário
    at UserService.findByEmail (/Users/user/Black Hand/01.gitHub/workcodeforge_v1/auth-service/dist/services/UserService.js:73:19)
    at process.processTicksAndRejections (node:internal/process/task_queues:105:5)
    at async AuthController.register (/Users/user/Black Hand/01.gitHub/workcodeforge_v1/auth-service/dist/controllers/AuthController.js:15:45) {
  "error": {},
  "stack": "Error: Falha ao buscar usuário\n    at UserService.findByEmail (/Users/user/Black Hand/01.gitHub/workcodeforge_v1/auth-service/dist/services/UserService.js:73:19)\n    at process.processTicksAndRejections (node:internal/process/task_queues:105:5)\n    at async AuthController.register (/Users/user/Black Hand/01.gitHub/workcodeforge_v1/auth-service/dist/controllers/AuthController.js:15:45)",
  "rejection": true,
  "date": "Sun Sep 21 2025 13:00:28 GMT-0300 (Brasilia Standard Time)",
  "process": {
    "pid": 13108,
    "uid": 501,
    "gid": 20,
    "cwd": "/Users/user/Black Hand/01.gitHub/workcodeforge_v1/auth-service",
    "execPath": "/Users/user/.nvm/versions/node/v22.19.0/bin/node",
    "version": "v22.19.0",
    "argv": [
      "/Users/user/.nvm/versions/node/v22.19.0/bin/node",
      "/Users/user/Black Hand/01.gitHub/workcodeforge_v1/auth-service/dist/app.js"
    ],
    "memoryUsage": {
      "rss": 56410112,
      "heapTotal": 15749120,
      "heapUsed": 13951744,
      "external": 2289846,
      "arrayBuffers": 43785
    }
  },
  "os": {
    "loadavg": [
      7.66796875,
      6.8388671875,
      5.8759765625
    ],
    "uptime": 160295
  },
  "trace": [
    {
      "column": 19,
      "file": "/Users/user/Black Hand/01.gitHub/workcodeforge_v1/auth-service/dist/services/UserService.js",
      "function": "UserService.findByEmail",
      "line": 73,
      "method": "findByEmail",
      "native": false
    },
    {
      "column": 5,
      "file": "node:internal/process/task_queues",
      "function": "process.processTicksAndRejections",
      "line": 105,
      "method": "processTicksAndRejections",
      "native": false
    },
    {
      "column": 45,
      "file": "/Users/user/Black Hand/01.gitHub/workcodeforge_v1/auth-service/dist/controllers/AuthController.js",
      "function": "async AuthController.register",
      "line": 15,
      "method": "register",
      "native": false
    }
  ],
  "service": "auth-service"
}
22:48:23 [[31merror[39m]: unhandledRejection: Credenciais inválidas
Error: Credenciais inválidas
    at createBusinessError (/Users/user/Black Hand/01.gitHub/workcodeforge_v1/auth-service/dist/middleware/errorHandler.js:87:12)
    at AuthController.login (/Users/user/Black Hand/01.gitHub/workcodeforge_v1/auth-service/dist/controllers/AuthController.js:75:66) {
  "error": {
    "statusCode": 401,
    "isOperational": true,
    "code": "INVALID_CREDENTIALS"
  },
  "stack": "Error: Credenciais inválidas\n    at createBusinessError (/Users/user/Black Hand/01.gitHub/workcodeforge_v1/auth-service/dist/middleware/errorHandler.js:87:12)\n    at AuthController.login (/Users/user/Black Hand/01.gitHub/workcodeforge_v1/auth-service/dist/controllers/AuthController.js:75:66)",
  "rejection": true,
  "date": "Mon Sep 22 2025 22:48:23 GMT-0300 (Brasilia Standard Time)",
  "process": {
    "pid": 21735,
    "uid": 501,
    "gid": 20,
    "cwd": "/Users/user/Black Hand/01.gitHub/workcodeforge_v1/auth-service",
    "execPath": "/Users/user/.nvm/versions/node/v22.19.0/bin/node",
    "version": "v22.19.0",
    "argv": [
      "/Users/user/.nvm/versions/node/v22.19.0/bin/node",
      "/Users/user/Black Hand/01.gitHub/workcodeforge_v1/auth-service/dist/app.js"
    ],
    "memoryUsage": {
      "rss": 63610880,
      "heapTotal": 31322112,
      "heapUsed": 13129184,
      "external": 2241631,
      "arrayBuffers": 18692
    }
  },
  "os": {
    "loadavg": [
      5.23095703125,
      3.64697265625,
      3.9833984375
    ],
    "uptime": 25197
  },
  "trace": [
    {
      "column": 12,
      "file": "/Users/user/Black Hand/01.gitHub/workcodeforge_v1/auth-service/dist/middleware/errorHandler.js",
      "function": "createBusinessError",
      "line": 87,
      "method": null,
      "native": false
    },
    {
      "column": 66,
      "file": "/Users/user/Black Hand/01.gitHub/workcodeforge_v1/auth-service/dist/controllers/AuthController.js",
      "function": "AuthController.login",
      "line": 75,
      "method": "login",
      "native": false
    }
  ],
  "service": "auth-service"
}
22:54:17 [[31merror[39m]: unhandledRejection: Email já está em uso
Error: Email já está em uso
    at createBusinessError (/Users/user/Black Hand/01.gitHub/workcodeforge_v1/auth-service/src/middleware/errorHandler.ts:135:10)
    at AuthController.register (/Users/user/Black Hand/01.gitHub/workcodeforge_v1/auth-service/src/controllers/AuthController.ts:37:34)
    at processTicksAndRejections (node:internal/process/task_queues:105:5) {
  "error": {
    "statusCode": 400,
    "isOperational": true,
    "code": "EMAIL_ALREADY_EXISTS"
  },
  "stack": "Error: Email já está em uso\n    at createBusinessError (/Users/user/Black Hand/01.gitHub/workcodeforge_v1/auth-service/src/middleware/errorHandler.ts:135:10)\n    at AuthController.register (/Users/user/Black Hand/01.gitHub/workcodeforge_v1/auth-service/src/controllers/AuthController.ts:37:34)\n    at processTicksAndRejections (node:internal/process/task_queues:105:5)",
  "rejection": true,
  "date": "Mon Sep 22 2025 22:54:17 GMT-0300 (Brasilia Standard Time)",
  "process": {
    "pid": 21878,
    "uid": 501,
    "gid": 20,
    "cwd": "/Users/user/Black Hand/01.gitHub/workcodeforge_v1/auth-service",
    "execPath": "/Users/user/.nvm/versions/node/v22.19.0/bin/node",
    "version": "v22.19.0",
    "argv": [
      "/Users/user/Black Hand/01.gitHub/workcodeforge_v1/auth-service/node_modules/.bin/ts-node",
      "/Users/user/Black Hand/01.gitHub/workcodeforge_v1/auth-service/src/app.ts"
    ],
    "memoryUsage": {
      "rss": 51834880,
      "heapTotal": 200372224,
      "heapUsed": 194139560,
      "external": 5441084,
      "arrayBuffers": 2471706
    }
  },
  "os": {
    "loadavg": [
      4.67041015625,
      3.70458984375,
      3.8701171875
    ],
    "uptime": 25551
  },
  "trace": [
    {
      "column": 10,
      "file": "/Users/user/Black Hand/01.gitHub/workcodeforge_v1/auth-service/src/middleware/errorHandler.ts",
      "function": "createBusinessError",
      "line": 135,
      "method": null,
      "native": false
    },
    {
      "column": 34,
      "file": "/Users/user/Black Hand/01.gitHub/workcodeforge_v1/auth-service/src/controllers/AuthController.ts",
      "function": "AuthController.register",
      "line": 37,
      "method": "register",
      "native": false
    },
    {
      "column": 5,
      "file": "node:internal/process/task_queues",
      "function": "processTicksAndRejections",
      "line": 105,
      "method": null,
      "native": false
    }
  ],
  "service": "auth-service"
}
22:55:03 [[31merror[39m]: unhandledRejection: Email já está em uso
Error: Email já está em uso
    at createBusinessError (/Users/user/Black Hand/01.gitHub/workcodeforge_v1/auth-service/src/middleware/errorHandler.ts:135:10)
    at AuthController.register (/Users/user/Black Hand/01.gitHub/workcodeforge_v1/auth-service/src/controllers/AuthController.ts:37:34)
    at processTicksAndRejections (node:internal/process/task_queues:105:5) {
  "error": {
    "statusCode": 400,
    "isOperational": true,
    "code": "EMAIL_ALREADY_EXISTS"
  },
  "stack": "Error: Email já está em uso\n    at createBusinessError (/Users/user/Black Hand/01.gitHub/workcodeforge_v1/auth-service/src/middleware/errorHandler.ts:135:10)\n    at AuthController.register (/Users/user/Black Hand/01.gitHub/workcodeforge_v1/auth-service/src/controllers/AuthController.ts:37:34)\n    at processTicksAndRejections (node:internal/process/task_queues:105:5)",
  "rejection": true,
  "date": "Mon Sep 22 2025 22:55:03 GMT-0300 (Brasilia Standard Time)",
  "process": {
    "pid": 24469,
    "uid": 501,
    "gid": 20,
    "cwd": "/Users/user/Black Hand/01.gitHub/workcodeforge_v1/auth-service",
    "execPath": "/Users/user/.nvm/versions/node/v22.19.0/bin/node",
    "version": "v22.19.0",
    "argv": [
      "/Users/user/Black Hand/01.gitHub/workcodeforge_v1/auth-service/node_modules/.bin/ts-node",
      "/Users/user/Black Hand/01.gitHub/workcodeforge_v1/auth-service/src/app.ts"
    ],
    "memoryUsage": {
      "rss": 315867136,
      "heapTotal": 248274944,
      "heapUsed": 212976176,
      "external": 8126987,
      "arrayBuffers": 5157609
    }
  },
  "os": {
    "loadavg": [
      3.50341796875,
      3.53857421875,
      3.7998046875
    ],
    "uptime": 25597
  },
  "trace": [
    {
      "column": 10,
      "file": "/Users/user/Black Hand/01.gitHub/workcodeforge_v1/auth-service/src/middleware/errorHandler.ts",
      "function": "createBusinessError",
      "line": 135,
      "method": null,
      "native": false
    },
    {
      "column": 34,
      "file": "/Users/user/Black Hand/01.gitHub/workcodeforge_v1/auth-service/src/controllers/AuthController.ts",
      "function": "AuthController.register",
      "line": 37,
      "method": "register",
      "native": false
    },
    {
      "column": 5,
      "file": "node:internal/process/task_queues",
      "function": "processTicksAndRejections",
      "line": 105,
      "method": null,
      "native": false
    }
  ],
  "service": "auth-service"
}
22:55:46 [[31merror[39m]: unhandledRejection: Email já está em uso
Error: Email já está em uso
    at createBusinessError (/Users/user/Black Hand/01.gitHub/workcodeforge_v1/auth-service/dist/middleware/errorHandler.js:87:12)
    at AuthController.register (/Users/user/Black Hand/01.gitHub/workcodeforge_v1/auth-service/dist/controllers/AuthController.js:19:66)
    at process.processTicksAndRejections (node:internal/process/task_queues:105:5) {
  "error": {
    "statusCode": 400,
    "isOperational": true,
    "code": "EMAIL_ALREADY_EXISTS"
  },
  "stack": "Error: Email já está em uso\n    at createBusinessError (/Users/user/Black Hand/01.gitHub/workcodeforge_v1/auth-service/dist/middleware/errorHandler.js:87:12)\n    at AuthController.register (/Users/user/Black Hand/01.gitHub/workcodeforge_v1/auth-service/dist/controllers/AuthController.js:19:66)\n    at process.processTicksAndRejections (node:internal/process/task_queues:105:5)",
  "rejection": true,
  "date": "Mon Sep 22 2025 22:55:46 GMT-0300 (Brasilia Standard Time)",
  "process": {
    "pid": 25093,
    "uid": 501,
    "gid": 20,
    "cwd": "/Users/user/Black Hand/01.gitHub/workcodeforge_v1/auth-service",
    "execPath": "/Users/user/.nvm/versions/node/v22.19.0/bin/node",
    "version": "v22.19.0",
    "argv": [
      "/Users/user/.nvm/versions/node/v22.19.0/bin/node",
      "/Users/user/Black Hand/01.gitHub/workcodeforge_v1/auth-service/dist/app.js"
    ],
    "memoryUsage": {
      "rss": 62812160,
      "heapTotal": 31322112,
      "heapUsed": 13265616,
      "external": 2249872,
      "arrayBuffers": 26933
    }
  },
  "os": {
    "loadavg": [
      3.1298828125,
      3.443359375,
      3.75
    ],
    "uptime": 25640
  },
  "trace": [
    {
      "column": 12,
      "file": "/Users/user/Black Hand/01.gitHub/workcodeforge_v1/auth-service/dist/middleware/errorHandler.js",
      "function": "createBusinessError",
      "line": 87,
      "method": null,
      "native": false
    },
    {
      "column": 66,
      "file": "/Users/user/Black Hand/01.gitHub/workcodeforge_v1/auth-service/dist/controllers/AuthController.js",
      "function": "AuthController.register",
      "line": 19,
      "method": "register",
      "native": false
    },
    {
      "column": 5,
      "file": "node:internal/process/task_queues",
      "function": "process.processTicksAndRejections",
      "line": 105,
      "method": "processTicksAndRejections",
      "native": false
    }
  ],
  "service": "auth-service"
}
22:56:21 [[31merror[39m]: unhandledRejection: Email já está em uso
Error: Email já está em uso
    at createBusinessError (/Users/user/Black Hand/01.gitHub/workcodeforge_v1/auth-service/dist/middleware/errorHandler.js:87:12)
    at AuthController.register (/Users/user/Black Hand/01.gitHub/workcodeforge_v1/auth-service/dist/controllers/AuthController.js:19:66)
    at process.processTicksAndRejections (node:internal/process/task_queues:105:5) {
  "error": {
    "statusCode": 400,
    "isOperational": true,
    "code": "EMAIL_ALREADY_EXISTS"
  },
  "stack": "Error: Email já está em uso\n    at createBusinessError (/Users/user/Black Hand/01.gitHub/workcodeforge_v1/auth-service/dist/middleware/errorHandler.js:87:12)\n    at AuthController.register (/Users/user/Black Hand/01.gitHub/workcodeforge_v1/auth-service/dist/controllers/AuthController.js:19:66)\n    at process.processTicksAndRejections (node:internal/process/task_queues:105:5)",
  "rejection": true,
  "date": "Mon Sep 22 2025 22:56:21 GMT-0300 (Brasilia Standard Time)",
  "process": {
    "pid": 25414,
    "uid": 501,
    "gid": 20,
    "cwd": "/Users/user/Black Hand/01.gitHub/workcodeforge_v1/auth-service",
    "execPath": "/Users/user/.nvm/versions/node/v22.19.0/bin/node",
    "version": "v22.19.0",
    "argv": [
      "/Users/user/.nvm/versions/node/v22.19.0/bin/node",
      "/Users/user/Black Hand/01.gitHub/workcodeforge_v1/auth-service/dist/app.js"
    ],
    "memoryUsage": {
      "rss": 63295488,
      "heapTotal": 30797824,
      "heapUsed": 13261248,
      "external": 2249872,
      "arrayBuffers": 26933
    }
  },
  "os": {
    "loadavg": [
      6.14013671875,
      4.0771484375,
      3.96337890625
    ],
    "uptime": 25675
  },
  "trace": [
    {
      "column": 12,
      "file": "/Users/user/Black Hand/01.gitHub/workcodeforge_v1/auth-service/dist/middleware/errorHandler.js",
      "function": "createBusinessError",
      "line": 87,
      "method": null,
      "native": false
    },
    {
      "column": 66,
      "file": "/Users/user/Black Hand/01.gitHub/workcodeforge_v1/auth-service/dist/controllers/AuthController.js",
      "function": "AuthController.register",
      "line": 19,
      "method": "register",
      "native": false
    },
    {
      "column": 5,
      "file": "node:internal/process/task_queues",
      "function": "process.processTicksAndRejections",
      "line": 105,
      "method": "processTicksAndRejections",
      "native": false
    }
  ],
  "service": "auth-service"
}
